gradleBuild/outputs/logs/manifest-merger-debug-report.txt
-- Merging decision tree log ---
manifest
ADDED from examples\android\AndroidManifest.xml:17:1-100:12
INJECTED from examples\android\AndroidManifest.xml:17:1-100:12
MERGED from [org.tensorflow:tensorflow-android:1.4.0] AndroidManifest.xml:2:1-8:12
MERGED from [com.android.support:design:26.1.0] AndroidManifest.xml:17:1-31:12
MERGED from [com.android.support:appcompat-v7:26.1.0] AndroidManifest.xml:17:1-31:12
MERGED from [com.android.support.constraint:constraint-layout:1.0.2] AndroidManifest.xml:2:1-11:12
MERGED from [:openCVLibrary330] AndroidManifest.xml:2:1-11:12
MERGED from [com.android.support:animated-vector-drawable:26.1.0] AndroidManifest.xml:17:1-28:12
MERGED from [com.android.support:support-vector-drawable:26.1.0] AndroidManifest.xml:17:1-28:12
MERGED from [com.android.support:recyclerview-v7:26.1.0] AndroidManifest.xml:17:1-28:12
MERGED from [com.android.support:transition:26.1.0] AndroidManifest.xml:17:1-28:12
MERGED from [com.android.support:support-v4:26.1.0] AndroidManifest.xml:17:1-31:12
MERGED from [com.android.support:support-media-compat:26.1.0] AndroidManifest.xml:17:1-31:12
MERGED from [com.android.support:support-fragment:26.1.0] AndroidManifest.xml:17:1-31:12
MERGED from [com.android.support:support-core-utils:26.1.0] AndroidManifest.xml:17:1-31:12
MERGED from [com.android.support:support-core-ui:26.1.0] AndroidManifest.xml:17:1-31:12
MERGED from [com.android.support:support-compat:26.1.0] AndroidManifest.xml:17:1-31:12
MERGED from [android.arch.lifecycle:runtime:1.0.0] AndroidManifest.xml:17:1-30:12
INJECTED from examples\android\AndroidManifest.xml:17:1-100:12
	package
		ADDED from examples\android\AndroidManifest.xml:18:5-34
		INJECTED from examples\android\AndroidManifest.xml
		INJECTED from examples\android\AndroidManifest.xml
	xmlns:android
		ADDED from examples\android\AndroidManifest.xml:17:11-69
uses-permission#android.permission.CAMERA
ADDED from examples\android\AndroidManifest.xml:20:5-65
	android:name
		ADDED from examples\android\AndroidManifest.xml:20:22-62
uses-feature#android.hardware.camera
ADDED from examples\android\AndroidManifest.xml:22:5-60
	android:name
		ADDED from examples\android\AndroidManifest.xml:22:19-57
uses-feature#android.hardware.camera.autofocus
ADDED from examples\android\AndroidManifest.xml:23:5-70
	android:name
		ADDED from examples\android\AndroidManifest.xml:23:19-67
uses-permission#android.permission.WRITE_EXTERNAL_STORAGE
ADDED from examples\android\AndroidManifest.xml:25:5-81
	android:name
		ADDED from examples\android\AndroidManifest.xml:25:22-78
uses-permission#android.permission.RECORD_AUDIO
ADDED from examples\android\AndroidManifest.xml:26:5-71
	android:name
		ADDED from examples\android\AndroidManifest.xml:26:22-68
uses-permission#android.permission.READ_PHONE_STATE
ADDED from examples\android\AndroidManifest.xml:27:5-75
	android:name
		ADDED from examples\android\AndroidManifest.xml:27:22-72
uses-permission#android.permission.READ_EXTERNAL_STORAGE
ADDED from examples\android\AndroidManifest.xml:28:5-80
	android:name
		ADDED from examples\android\AndroidManifest.xml:28:22-77
uses-permission#android.permission.INTERNET
ADDED from examples\android\AndroidManifest.xml:29:5-67
	android:name
		ADDED from examples\android\AndroidManifest.xml:29:22-64
uses-sdk
ADDED from examples\android\AndroidManifest.xml:31:5-33:41
INJECTED from examples\android\AndroidManifest.xml:31:5-33:41
INJECTED from examples\android\AndroidManifest.xml:31:5-33:41
MERGED from [com.android.support:design:26.1.0] AndroidManifest.xml:21:5-23:62
MERGED from [com.android.support:design:26.1.0] AndroidManifest.xml:21:5-23:62
MERGED from [com.android.support:appcompat-v7:26.1.0] AndroidManifest.xml:21:5-23:78
MERGED from [com.android.support:appcompat-v7:26.1.0] AndroidManifest.xml:21:5-23:78
MERGED from [com.android.support.constraint:constraint-layout:1.0.2] AndroidManifest.xml:5:5-7:41
MERGED from [com.android.support.constraint:constraint-layout:1.0.2] AndroidManifest.xml:5:5-7:41
MERGED from [:openCVLibrary330] AndroidManifest.xml:7:5-9:41
MERGED from [:openCVLibrary330] AndroidManifest.xml:7:5-9:41
MERGED from [com.android.support:animated-vector-drawable:26.1.0] AndroidManifest.xml:20:5-44
MERGED from [com.android.support:animated-vector-drawable:26.1.0] AndroidManifest.xml:20:5-44
MERGED from [com.android.support:support-vector-drawable:26.1.0] AndroidManifest.xml:20:5-44
MERGED from [com.android.support:support-vector-drawable:26.1.0] AndroidManifest.xml:20:5-44
MERGED from [com.android.support:recyclerview-v7:26.1.0] AndroidManifest.xml:20:5-44
MERGED from [com.android.support:recyclerview-v7:26.1.0] AndroidManifest.xml:20:5-44
MERGED from [com.android.support:transition:26.1.0] AndroidManifest.xml:20:5-44
MERGED from [com.android.support:transition:26.1.0] AndroidManifest.xml:20:5-44
MERGED from [com.android.support:support-v4:26.1.0] AndroidManifest.xml:21:5-23:54
MERGED from [com.android.support:support-v4:26.1.0] AndroidManifest.xml:21:5-23:54
MERGED from [com.android.support:support-media-compat:26.1.0] AndroidManifest.xml:21:5-23:63
MERGED from [com.android.support:support-media-compat:26.1.0] AndroidManifest.xml:21:5-23:63
MERGED from [com.android.support:support-fragment:26.1.0] AndroidManifest.xml:21:5-23:60
MERGED from [com.android.support:support-fragment:26.1.0] AndroidManifest.xml:21:5-23:60
MERGED from [com.android.support:support-core-utils:26.1.0] AndroidManifest.xml:21:5-23:61
MERGED from [com.android.support:support-core-utils:26.1.0] AndroidManifest.xml:21:5-23:61
MERGED from [com.android.support:support-core-ui:26.1.0] AndroidManifest.xml:21:5-23:58
MERGED from [com.android.support:support-core-ui:26.1.0] AndroidManifest.xml:21:5-23:58
MERGED from [com.android.support:support-compat:26.1.0] AndroidManifest.xml:21:5-23:58
MERGED from [com.android.support:support-compat:26.1.0] AndroidManifest.xml:21:5-23:58
MERGED from [android.arch.lifecycle:runtime:1.0.0] AndroidManifest.xml:20:5-22:41
MERGED from [android.arch.lifecycle:runtime:1.0.0] AndroidManifest.xml:20:5-22:41
INJECTED from examples\android\AndroidManifest.xml:31:5-33:41
INJECTED from examples\android\AndroidManifest.xml:31:5-33:41
	tools:overrideLibrary
		ADDED from [com.android.support:design:26.1.0] AndroidManifest.xml:23:9-59
	android:targetSdkVersion
		ADDED from examples\android\AndroidManifest.xml:33:9-38
		INJECTED from examples\android\AndroidManifest.xml
		INJECTED from examples\android\AndroidManifest.xml
	android:minSdkVersion
		ADDED from examples\android\AndroidManifest.xml:32:9-35
		INJECTED from examples\android\AndroidManifest.xml
		INJECTED from examples\android\AndroidManifest.xml
application
ADDED from examples\android\AndroidManifest.xml:35:5-98:19
MERGED from [org.tensorflow:tensorflow-android:1.4.0] AndroidManifest.xml:5:5-6:19
MERGED from [org.tensorflow:tensorflow-android:1.4.0] AndroidManifest.xml:5:5-6:19
MERGED from [com.android.support:design:26.1.0] AndroidManifest.xml:25:5-29:19
MERGED from [com.android.support:design:26.1.0] AndroidManifest.xml:25:5-29:19
MERGED from [com.android.support:appcompat-v7:26.1.0] AndroidManifest.xml:25:5-29:19
MERGED from [com.android.support:appcompat-v7:26.1.0] AndroidManifest.xml:25:5-29:19
MERGED from [com.android.support.constraint:constraint-layout:1.0.2] AndroidManifest.xml:9:5-20
MERGED from [com.android.support.constraint:constraint-layout:1.0.2] AndroidManifest.xml:9:5-20
MERGED from [com.android.support:animated-vector-drawable:26.1.0] AndroidManifest.xml:22:5-26:19
MERGED from [com.android.support:animated-vector-drawable:26.1.0] AndroidManifest.xml:22:5-26:19
MERGED from [com.android.support:support-vector-drawable:26.1.0] AndroidManifest.xml:22:5-26:19
MERGED from [com.android.support:support-vector-drawable:26.1.0] AndroidManifest.xml:22:5-26:19
MERGED from [com.android.support:recyclerview-v7:26.1.0] AndroidManifest.xml:22:5-26:19
MERGED from [com.android.support:recyclerview-v7:26.1.0] AndroidManifest.xml:22:5-26:19
MERGED from [com.android.support:transition:26.1.0] AndroidManifest.xml:22:5-26:19
MERGED from [com.android.support:transition:26.1.0] AndroidManifest.xml:22:5-26:19
MERGED from [com.android.support:support-v4:26.1.0] AndroidManifest.xml:25:5-29:19
MERGED from [com.android.support:support-v4:26.1.0] AndroidManifest.xml:25:5-29:19
MERGED from [com.android.support:support-media-compat:26.1.0] AndroidManifest.xml:25:5-29:19
MERGED from [com.android.support:support-media-compat:26.1.0] AndroidManifest.xml:25:5-29:19
MERGED from [com.android.support:support-fragment:26.1.0] AndroidManifest.xml:25:5-29:19
MERGED from [com.android.support:support-fragment:26.1.0] AndroidManifest.xml:25:5-29:19
MERGED from [com.android.support:support-core-utils:26.1.0] AndroidManifest.xml:25:5-29:19
MERGED from [com.android.support:support-core-utils:26.1.0] AndroidManifest.xml:25:5-29:19
MERGED from [com.android.support:support-core-ui:26.1.0] AndroidManifest.xml:25:5-29:19
MERGED from [com.android.support:support-core-ui:26.1.0] AndroidManifest.xml:25:5-29:19
MERGED from [com.android.support:support-compat:26.1.0] AndroidManifest.xml:25:5-29:19
MERGED from [com.android.support:support-compat:26.1.0] AndroidManifest.xml:25:5-29:19
MERGED from [android.arch.lifecycle:runtime:1.0.0] AndroidManifest.xml:24:5-28:19
MERGED from [android.arch.lifecycle:runtime:1.0.0] AndroidManifest.xml:24:5-28:19
	android:label
		ADDED from examples\android\AndroidManifest.xml:39:9-41
	android:debuggable
		ADDED from examples\android\AndroidManifest.xml:37:9-34
	android:icon
		ADDED from examples\android\AndroidManifest.xml:38:9-45
	android:allowBackup
		ADDED from examples\android\AndroidManifest.xml:36:9-35
	android:theme
		ADDED from examples\android\AndroidManifest.xml:40:9-65
activity#org.tensorflow.demo.MainActivity
ADDED from examples\android\AndroidManifest.xml:42:9-47:20
	android:name
		ADDED from examples\android\AndroidManifest.xml:42:19-47
intent-filter#android.intent.action.MAIN+android.intent.category.LAUNCHER
ADDED from examples\android\AndroidManifest.xml:43:13-46:29
action#android.intent.action.MAIN
ADDED from examples\android\AndroidManifest.xml:44:17-69
	android:name
		ADDED from examples\android\AndroidManifest.xml:44:25-66
category#android.intent.category.LAUNCHER
ADDED from examples\android\AndroidManifest.xml:45:17-77
	android:name
		ADDED from examples\android\AndroidManifest.xml:45:27-74
activity#org.tensorflow.demo.DetectorActivity
ADDED from examples\android\AndroidManifest.xml:50:9-62:20
	android:screenOrientation
		ADDED from examples\android\AndroidManifest.xml:54:13-49
	android:parentActivityName
		ADDED from examples\android\AndroidManifest.xml:53:13-55
	android:label
		ADDED from examples\android\AndroidManifest.xml:52:13-60
	android:name
		ADDED from examples\android\AndroidManifest.xml:51:13-64
activity#org.tensorflow.demo.ChooseModelPose
ADDED from examples\android\AndroidManifest.xml:64:9-66:58
	android:parentActivityName
		ADDED from examples\android\AndroidManifest.xml:66:13-55
	android:name
		ADDED from examples\android\AndroidManifest.xml:65:13-44
activity#org.tensorflow.demo.UploadImageActivity
ADDED from examples\android\AndroidManifest.xml:67:9-68:57
	android:parentActivityName
		ADDED from examples\android\AndroidManifest.xml:68:13-55
	android:name
		ADDED from examples\android\AndroidManifest.xml:67:19-54
meta-data#android.support.VERSION
ADDED from [com.android.support:design:26.1.0] AndroidManifest.xml:26:9-28:38
MERGED from [com.android.support:appcompat-v7:26.1.0] AndroidManifest.xml:26:9-28:38
MERGED from [com.android.support:appcompat-v7:26.1.0] AndroidManifest.xml:26:9-28:38
MERGED from [com.android.support:animated-vector-drawable:26.1.0] AndroidManifest.xml:23:9-25:38
MERGED from [com.android.support:animated-vector-drawable:26.1.0] AndroidManifest.xml:23:9-25:38
MERGED from [com.android.support:support-vector-drawable:26.1.0] AndroidManifest.xml:23:9-25:38
MERGED from [com.android.support:support-vector-drawable:26.1.0] AndroidManifest.xml:23:9-25:38
MERGED from [com.android.support:recyclerview-v7:26.1.0] AndroidManifest.xml:23:9-25:38
MERGED from [com.android.support:recyclerview-v7:26.1.0] AndroidManifest.xml:23:9-25:38
MERGED from [com.android.support:transition:26.1.0] AndroidManifest.xml:23:9-25:38
MERGED from [com.android.support:transition:26.1.0] AndroidManifest.xml:23:9-25:38
MERGED from [com.android.support:support-v4:26.1.0] AndroidManifest.xml:26:9-28:38
MERGED from [com.android.support:support-v4:26.1.0] AndroidManifest.xml:26:9-28:38
MERGED from [com.android.support:support-media-compat:26.1.0] AndroidManifest.xml:26:9-28:38
MERGED from [com.android.support:support-media-compat:26.1.0] AndroidManifest.xml:26:9-28:38
MERGED from [com.android.support:support-fragment:26.1.0] AndroidManifest.xml:26:9-28:38
MERGED from [com.android.support:support-fragment:26.1.0] AndroidManifest.xml:26:9-28:38
MERGED from [com.android.support:support-core-utils:26.1.0] AndroidManifest.xml:26:9-28:38
MERGED from [com.android.support:support-core-utils:26.1.0] AndroidManifest.xml:26:9-28:38
MERGED from [com.android.support:support-core-ui:26.1.0] AndroidManifest.xml:26:9-28:38
MERGED from [com.android.support:support-core-ui:26.1.0] AndroidManifest.xml:26:9-28:38
MERGED from [com.android.support:support-compat:26.1.0] AndroidManifest.xml:26:9-28:38
MERGED from [com.android.support:support-compat:26.1.0] AndroidManifest.xml:26:9-28:38
	android:value
		ADDED from [com.android.support:design:26.1.0] AndroidManifest.xml:28:13-35
	android:name
		ADDED from [com.android.support:design:26.1.0] AndroidManifest.xml:27:13-51
meta-data#android.arch.lifecycle.VERSION
ADDED from [android.arch.lifecycle:runtime:1.0.0] AndroidManifest.xml:25:9-27:47
	android:value
		ADDED from [android.arch.lifecycle:runtime:1.0.0] AndroidManifest.xml:27:13-44
	android:name
		ADDED from [android.arch.lifecycle:runtime:1.0.0] AndroidManifest.xml:26:13-58